TestNFD2/build/intermediates/manifest_merge_blame_file/debug/manifest-merger-blame-debug-report.txt
1<?xml version="1.0" encoding="utf-8"?>
2<manifest xmlns:android="http://schemas.android.com/apk/res/android"
3    xmlns:tools="http://schemas.android.com/tools"
4    package="com.example.TestNFD2"
5    android:versionCode="1"
6    android:versionName="1.0" >
7
8    <uses-sdk
9        android:minSdkVersion="17"
9-->src\main\AndroidManifest.xml
10        android:targetSdkVersion="31" />
10-->src\main\AndroidManifest.xml
11
12    <uses-permission android:name="android.permission.ACCESS_WIFI_STATE" />
12-->src\main\AndroidManifest.xml:24:4-74
12-->src\main\AndroidManifest.xml:24:21-72
13    <uses-permission android:name="android.permission.INTERNET" />
13-->src\main\AndroidManifest.xml:25:1-62
13-->src\main\AndroidManifest.xml:25:18-60
14    <uses-permission android:name="android.permission.ACCESS_NETWORK_STATE" />
14-->src\main\AndroidManifest.xml:26:1-74
14-->src\main\AndroidManifest.xml:26:18-72
15
16    <application
16-->src\main\AndroidManifest.xml:7:5-23:19
17        android:icon="@drawable/ic_launcher"
17-->src\main\AndroidManifest.xml:8:9-45
18        android:label="@string/app_name"
18-->src\main\AndroidManifest.xml:9:9-41
19        android:theme="@style/MWAppTheme" >
19-->src\main\AndroidManifest.xml:10:9-42
20
21        <!-- tools:replace="icon, label, theme" -->
22        <activity
22-->src\main\AndroidManifest.xml:13:9-22:20
23            android:name="com.example.capstonefrontendoriginal.TestNFD2"
23-->src\main\AndroidManifest.xml:15:13-73
24            android:configChanges="orientation|screenSize"
24-->src\main\AndroidManifest.xml:16:59-105
25            android:exported="false"
25-->src\main\AndroidManifest.xml:17:13-37
26            android:label="@string/app_name"
26-->src\main\AndroidManifest.xml:14:13-45
27            android:theme="@style/MWAppTheme.NoActionBar" >
27-->src\main\AndroidManifest.xml:16:13-58
28
29            <!-- <intent-filter> -->
30            <!-- <action android:name="android.intent.action.MAIN"/> -->
31            <!-- <category android:name="android.intent.category.LAUNCHER"/> -->
32            <!-- </intent-filter> -->
33        </activity>
34    </application>
35
36</manifest>